\BOOKMARK [1][-]{section.1}{Introduction}{}% 1
\BOOKMARK [2][-]{subsection.1.1}{Document Information}{section.1}% 2
\BOOKMARK [2][-]{subsection.1.2}{Course Lecturers}{section.1}% 3
\BOOKMARK [2][-]{subsection.1.3}{Subject Matter}{section.1}% 4
\BOOKMARK [2][-]{subsection.1.4}{Exclusions}{section.1}% 5
\BOOKMARK [2][-]{subsection.1.5}{Circle of trust}{section.1}% 6
\BOOKMARK [1][-]{section.2}{What accouts for a successful Cyber Security Strategy?}{}% 7
\BOOKMARK [2][-]{subsection.2.1}{The European Union's NIS Directive and its Annex}{section.2}% 8
\BOOKMARK [3][-]{subsubsection.2.1.1}{NIS' objectives}{subsection.2.1}% 9
\BOOKMARK [3][-]{subsubsection.2.1.2}{NIS' scope}{subsection.2.1}% 10
\BOOKMARK [3][-]{subsubsection.2.1.3}{The NIS Trasposition}{subsection.2.1}% 11
\BOOKMARK [3][-]{subsubsection.2.1.4}{Review and continuos improvement}{subsection.2.1}% 12
\BOOKMARK [2][-]{subsection.2.2}{Cyber Security Stakeholders in the European Union}{section.2}% 13
\BOOKMARK [2][-]{subsection.2.3}{The Norwegian National Cyber Security Strategy}{section.2}% 14
\BOOKMARK [2][-]{subsection.2.4}{Establishing Norways NCSS}{section.2}% 15
\BOOKMARK [3][-]{subsubsection.2.4.1}{Norways Objectives}{subsection.2.4}% 16
\BOOKMARK [3][-]{subsubsection.2.4.2}{Norways Objectives}{subsection.2.4}% 17
\BOOKMARK [1][-]{section.3}{Conclusion}{}% 18
\BOOKMARK [1][-]{appendix.A}{Appendix}{}% 19
\BOOKMARK [1][-]{appendix.B}{Bibliography}{}% 20
